# JRE version: OpenJDK Runtime Environment Temurin-17.0.10+7 (17.0.10+7) (build 17.0.10+7)
# Java VM: OpenJDK 64-Bit Server VM Temurin-17.0.10+7 (17.0.10+7, mixed mode, tiered, compressed oops, compressed class ptrs, g1 gc, windows-amd64)
GC Precious Log:
 CPUs: 4 total, 4 available
 Memory: 6091M
 Large Page Support: Disabled
 NUMA Support: Disabled
 Compressed Oops: Enabled (32-bit)
 Heap Region Size: 1M
 Heap Min Capacity: 8M
 Heap Initial Capacity: 96M
 Heap Max Capacity: 1524M
 Pre-touch: Disabled
 Parallel Workers: 4
 Concurrent Workers: 1
 Concurrent Refinement Workers: 4
 Periodic GC: Disabled
Heap:
 garbage-first heap   total 56320K, used 34750K [0x00000000a0c00000, 0x0000000100000000)
  region size 1024K, 2 young (2048K), 1 survivors (1024K)
 Metaspace       used 76333K, committed 76864K, reserved 1179648K
  class space    used 10245K, committed 10496K, reserved 1048576K
GC Heap History (20 events):
Event: 41.422 GC heap before
{Heap before GC invocations=24 (full 0):
 garbage-first heap   total 45056K, used 33095K [0x00000000a0c00000, 0x0000000100000000)
  region size 1024K, 12 young (12288K), 2 survivors (2048K)
 Metaspace       used 60202K, committed 60672K, reserved 1114112K
  class space    used 8005K, committed 8192K, reserved 1048576K
}
Event: 41.426 GC heap after
{Heap after GC invocations=25 (full 0):
 garbage-first heap   total 45056K, used 24304K [0x00000000a0c00000, 0x0000000100000000)
  region size 1024K, 2 young (2048K), 2 survivors (2048K)
 Metaspace       used 60202K, committed 60672K, reserved 1114112K
  class space    used 8005K, committed 8192K, reserved 1048576K
}
Event: 42.228 GC heap before
{Heap before GC invocations=25 (full 0):
 garbage-first heap   total 45056K, used 36592K [0x00000000a0c00000, 0x0000000100000000)
  region size 1024K, 14 young (14336K), 2 survivors (2048K)
 Metaspace       used 62502K, committed 62976K, reserved 1114112K
  class space    used 8245K, committed 8448K, reserved 1048576K
}
Event: 42.233 GC heap after
{Heap after GC invocations=26 (full 0):
 garbage-first heap   total 45056K, used 25494K [0x00000000a0c00000, 0x0000000100000000)
  region size 1024K, 2 young (2048K), 2 survivors (2048K)
 Metaspace       used 62502K, committed 62976K, reserved 1114112K
  class space    used 8245K, committed 8448K, reserved 1048576K
}
Event: 43.548 GC heap before
{Heap before GC invocations=27 (full 0):
 garbage-first heap   total 45056K, used 36758K [0x00000000a0c00000, 0x0000000100000000)
  region size 1024K, 13 young (13312K), 2 survivors (2048K)
 Metaspace       used 63804K, committed 64320K, reserved 1114112K
  class space    used 8474K, committed 8704K, reserved 1048576K
}
Event: 43.554 GC heap after
{Heap after GC invocations=28 (full 0):
 garbage-first heap   total 45056K, used 26430K [0x00000000a0c00000, 0x0000000100000000)
  region size 1024K, 1 young (1024K), 1 survivors (1024K)
 Metaspace       used 63804K, committed 64320K, reserved 1114112K
  class space    used 8474K, committed 8704K, reserved 1048576K
}
Event: 46.557 GC heap before
{Heap before GC invocations=28 (full 0):
 garbage-first heap   total 45056K, used 35646K [0x00000000a0c00000, 0x0000000100000000)
  region size 1024K, 11 young (11264K), 1 survivors (1024K)
 Metaspace       used 66706K, committed 67136K, reserved 1114112K
  class space    used 8831K, committed 9024K, reserved 1048576K
}
Event: 46.562 GC heap after
{Heap after GC invocations=29 (full 0):
 garbage-first heap   total 45056K, used 28030K [0x00000000a0c00000, 0x0000000100000000)
  region size 1024K, 2 young (2048K), 2 survivors (2048K)
 Metaspace       used 66706K, committed 67136K, reserved 1114112K
  class space    used 8831K, committed 9024K, reserved 1048576K
}
Event: 48.230 GC heap before
{Heap before GC invocations=30 (full 0):
 garbage-first heap   total 50176K, used 36222K [0x00000000a0c00000, 0x0000000100000000)
  region size 1024K, 10 young (10240K), 2 survivors (2048K)
 Metaspace       used 67305K, committed 67776K, reserved 1114112K
  class space    used 8928K, committed 9152K, reserved 1048576K
}
Event: 48.237 GC heap after
{Heap after GC invocations=31 (full 0):
 garbage-first heap   total 50176K, used 29386K [0x00000000a0c00000, 0x0000000100000000)
  region size 1024K, 2 young (2048K), 2 survivors (2048K)
 Metaspace       used 67305K, committed 67776K, reserved 1114112K
  class space    used 8928K, committed 9152K, reserved 1048576K
}
Event: 51.993 GC heap before
{Heap before GC invocations=31 (full 0):
 garbage-first heap   total 50176K, used 39626K [0x00000000a0c00000, 0x0000000100000000)
  region size 1024K, 12 young (12288K), 2 survivors (2048K)
 Metaspace       used 68580K, committed 69056K, reserved 1114112K
  class space    used 9121K, committed 9344K, reserved 1048576K
}
Event: 52.000 GC heap after
{Heap after GC invocations=32 (full 0):
 garbage-first heap   total 50176K, used 30493K [0x00000000a0c00000, 0x0000000100000000)
  region size 1024K, 2 young (2048K), 2 survivors (2048K)
 Metaspace       used 68580K, committed 69056K, reserved 1114112K
  class space    used 9121K, committed 9344K, reserved 1048576K
}
Event: 53.429 GC heap before
{Heap before GC invocations=33 (full 0):
 garbage-first heap   total 55296K, used 39709K [0x00000000a0c00000, 0x0000000100000000)
  region size 1024K, 11 young (11264K), 2 survivors (2048K)
 Metaspace       used 70034K, committed 70528K, reserved 1114112K
  class space    used 9329K, committed 9536K, reserved 1048576K
}
Event: 53.437 GC heap after
{Heap after GC invocations=34 (full 0):
 garbage-first heap   total 55296K, used 31359K [0x00000000a0c00000, 0x0000000100000000)
  region size 1024K, 1 young (1024K), 1 survivors (1024K)
 Metaspace       used 70034K, committed 70528K, reserved 1114112K
  class space    used 9329K, committed 9536K, reserved 1048576K
}
Event: 55.518 GC heap before
{Heap before GC invocations=34 (full 0):
 garbage-first heap   total 55296K, used 43647K [0x00000000a0c00000, 0x0000000100000000)
  region size 1024K, 13 young (13312K), 1 survivors (1024K)
 Metaspace       used 71545K, committed 72000K, reserved 1114112K
  class space    used 9541K, committed 9728K, reserved 1048576K
}
Event: 55.524 GC heap after
{Heap after GC invocations=35 (full 0):
 garbage-first heap   total 55296K, used 32768K [0x00000000a0c00000, 0x0000000100000000)
  region size 1024K, 2 young (2048K), 2 survivors (2048K)
 Metaspace       used 71545K, committed 72000K, reserved 1114112K
  class space    used 9541K, committed 9728K, reserved 1048576K
}
Event: 59.815 GC heap before
{Heap before GC invocations=36 (full 0):
 garbage-first heap   total 56320K, used 45056K [0x00000000a0c00000, 0x0000000100000000)
  region size 1024K, 14 young (14336K), 2 survivors (2048K)
 Metaspace       used 72923K, committed 73408K, reserved 1114112K
  class space    used 9760K, committed 9984K, reserved 1048576K
}
Event: 59.821 GC heap after
{Heap after GC invocations=37 (full 0):
 garbage-first heap   total 56320K, used 34218K [0x00000000a0c00000, 0x0000000100000000)
  region size 1024K, 2 young (2048K), 2 survivors (2048K)
 Metaspace       used 72923K, committed 73408K, reserved 1114112K
  class space    used 9760K, committed 9984K, reserved 1048576K
}
Event: 226.800 GC heap before
{Heap before GC invocations=37 (full 0):
 garbage-first heap   total 56320K, used 44458K [0x00000000a0c00000, 0x0000000100000000)
  region size 1024K, 13 young (13312K), 2 survivors (2048K)
 Metaspace       used 76096K, committed 76608K, reserved 1179648K
  class space    used 10211K, committed 10432K, reserved 1048576K
}
Event: 226.859 GC heap after
{Heap after GC invocations=38 (full 0):
 garbage-first heap   total 56320K, used 34750K [0x00000000a0c00000, 0x0000000100000000)
  region size 1024K, 1 young (1024K), 1 survivors (1024K)
 Metaspace       used 76096K, committed 76608K, reserved 1179648K
  class space    used 10211K, committed 10432K, reserved 1048576K
}

